[    3035ms] [WARNING] The following feature variant assignments were not provided; please add them to an ExperimentationProvider: value_planstarter_plan @ https://www.udemy.com/staticx/udemy/js/webpack/vendors-node_modules_udemy_browse-event-tracking_dist_esm_index_js-node_modules_udemy_react-c-5728e3.471396f855c40ae3a34e.js:1
[    3041ms] [WARNING] The following feature variant assignments were not provided; please add them to an ExperimentationProvider: value_planstarter_plan @ https://www.udemy.com/staticx/udemy/js/webpack/vendors-node_modules_udemy_browse-event-tracking_dist_esm_index_js-node_modules_udemy_react-c-5728e3.471396f855c40ae3a34e.js:1
[    3446ms] [WARNING] The following feature variant assignments were not provided; please add them to an ExperimentationProvider: value_planstarter_plan @ https://www.udemy.com/staticx/udemy/js/webpack/vendors-node_modules_udemy_browse-event-tracking_dist_esm_index_js-node_modules_udemy_react-c-5728e3.471396f855c40ae3a34e.js:1
[    4034ms] [WARNING] The following feature variant assignments were not provided; please add them to an ExperimentationProvider: value_planstarter_plan @ https://www.udemy.com/staticx/udemy/js/webpack/vendors-node_modules_udemy_browse-event-tracking_dist_esm_index_js-node_modules_udemy_react-c-5728e3.471396f855c40ae3a34e.js:1
[    4039ms] [WARNING] The following feature variant assignments were not provided; please add them to an ExperimentationProvider: value_planstarter_plan @ https://www.udemy.com/staticx/udemy/js/webpack/vendors-node_modules_udemy_browse-event-tracking_dist_esm_index_js-node_modules_udemy_react-c-5728e3.471396f855c40ae3a34e.js:1
[    4042ms] [ERROR] Failed to load resource: net::ERR_FAILED @ chrome-extension://invalid/:0
[    4043ms] [ERROR] Not signed in with the identity provider. @ https://www.udemy.com/join/passwordless-auth/?next=%2Fcourse%2Fspring-springboot-jpa-hibernate-zero-to-master%2Flearn%2Flecture%2F54765789&action=login&mode#overview:0
[    4054ms] [ERROR] Failed to load resource: net::ERR_FAILED @ chrome-extension://invalid/:0
[    4146ms] [ERROR] Failed to load resource: net::ERR_FAILED @ chrome-extension://invalid/:0
[    4148ms] [ERROR] Failed to load resource: net::ERR_FAILED @ chrome-extension://invalid/:0
[    4148ms] [ERROR] Failed to load resource: net::ERR_FAILED @ chrome-extension://invalid/:0
[    4148ms] [ERROR] Failed to load resource: net::ERR_FAILED @ chrome-extension://invalid/:0
[    4149ms] [ERROR] Failed to load resource: net::ERR_FAILED @ chrome-extension://invalid/:0
[    6050ms] [WARNING] Amplitude Logger [Warn]: `options.defaultTracking` is set to undefined. This implicitly configures your Amplitude instance to track Page Views, Sessions, File Downloads, and Form Interactions. You can suppress this warning by explicitly setting a value to `options.defaultTracking`. The value must either be a boolean, to enable and disable all default events, or an object, for advanced configuration. For example:

amplitude.init(<YOUR_API_KEY>, {
  defaultTracking: true,
});

Visit https://www.docs.developers.amplitude.com/data/sdks/browser-2/#tracking-default-events for more details. @ https://www.udemy.com/staticx/udemy/js/webpack/entry-main-vendor.53a41eb4651b407149ad.js:1
[    6102ms] [ERROR] Failed to load resource: the server responded with a status of 400 () @ https://www.udemy.com/api-2.0/visits/me/datadog-increment-logs/:0
[    6424ms] [ERROR] Failed to load resource: net::ERR_TUNNEL_CONNECTION_FAILED @ https://pixel.pointmediatracker.com/kpi?c=udemy&tag_id=288&user_id=4afdf9795c81450abb1ad394867d5470&kpi=visit&fpc=3f9908be-abbb-4140-86be-f5269e50c716&utm_medium=direct&utm_source=direct&utm_campaign=undefined&gtmcb=1807650455:0
[    7270ms] [ERROR] Attestation check for Attribution Reporting on https://www.facebook.com failed. @ https://www.udemy.com/join/passwordless-auth/?next=%2Fcourse%2Fspring-springboot-jpa-hibernate-zero-to-master%2Flearn%2Flecture%2F54765789&action=login&mode#overview:0
[    7445ms] [ERROR] Access to XMLHttpRequest at 'https://pixel-config.reddit.com/pixels/t2_65f22gux/config' from origin 'https://www.udemy.com' has been blocked by CORS policy: Response to preflight request doesn't pass access control check: No 'Access-Control-Allow-Origin' header is present on the requested resource. @ https://www.udemy.com/join/passwordless-auth/?next=%2Fcourse%2Fspring-springboot-jpa-hibernate-zero-to-master%2Flearn%2Flecture%2F54765789&action=login&mode#overview:0
[    7445ms] [ERROR] Failed to load resource: net::ERR_FAILED @ https://pixel-config.reddit.com/pixels/t2_65f22gux/config:0
[   15165ms] [ERROR] [GSI_LOGGER]: FedCM get() rejects with NetworkError: Error retrieving a token. @ https://www.datadoghq-browser-agent.com/us1/v4/datadog-rum.js:0
[   21820ms] [ERROR] Access to XMLHttpRequest at 'https://www.google-analytics.com/j/collect?v=1&_v=j102&aip=1&a=1737727582&t=pageview&_s=1&dl=https%3A%2F%2Fwww.udemy.com%2Fjoin%2Fpasswordless-auth%2F%3Faction%3Dlogin%26mode%26next%3D%252Fcourse%252Fspring-springboot-jpa-hibernate-zero-to-master%252Flearn%252Flecture%252F54765789&ul=en-gb&dt=Log%20in%20to%20continue%20your%20learning%20journey%20%7C%20Udemy&sr=1440x900&vp=1200x687&_u=YCDAgEABAAAAACgAI~&jid=1477957714&gjid=122655541&cid=783374279.1776498014&tid=UA-12366301-1&_gid=1356789540.1776498029&_slc=1&z=845940760' from origin 'https://www.udemy.com' has been blocked by CORS policy: Response to preflight request doesn't pass access control check: The value of the 'Access-Control-Allow-Origin' header in the response must not be the wildcard '*' when the request's credentials mode is 'include'. The credentials mode of requests initiated by the XMLHttpRequest is controlled by the withCredentials attribute. @ https://www.udemy.com/join/passwordless-auth/?next=%2Fcourse%2Fspring-springboot-jpa-hibernate-zero-to-master%2Flearn%2Flecture%2F54765789&action=login&mode#overview:0
[   21821ms] [ERROR] Failed to load resource: net::ERR_FAILED @ https://www.google-analytics.com/j/collect?v=1&_v=j102&aip=1&a=1737727582&t=pageview&_s=1&dl=https%3A%2F%2Fwww.udemy.com%2Fjoin%2Fpasswordless-auth%2F%3Faction%3Dlogin%26mode%26next%3D%252Fcourse%252Fspring-springboot-jpa-hibernate-zero-to-master%252Flearn%252Flecture%252F54765789&ul=en-gb&dt=Log%20in%20to%20continue%20your%20learning%20journey%20%7C%20Udemy&sr=1440x900&vp=1200x687&_u=YCDAgEABAAAAACgAI~&jid=1477957714&gjid=122655541&cid=783374279.1776498014&tid=UA-12366301-1&_gid=1356789540.1776498029&_slc=1&z=845940760:0
[   21914ms] [ERROR] Access to XMLHttpRequest at 'https://stats.g.doubleclick.net/j/collect?t=dc&aip=1&_r=3&v=1&_v=j102&tid=UA-12366301-1&cid=783374279.1776498014&jid=2143422359&gjid=1212343715&_gid=1356789540.1776498029&_u=YCDAgEABAAAAAGgAIAC~&z=2002823585' from origin 'https://www.udemy.com' has been blocked by CORS policy: Response to preflight request doesn't pass access control check: The value of the 'Access-Control-Allow-Origin' header in the response must not be the wildcard '*' when the request's credentials mode is 'include'. The credentials mode of requests initiated by the XMLHttpRequest is controlled by the withCredentials attribute. @ https://www.udemy.com/join/passwordless-auth/?next=%2Fcourse%2Fspring-springboot-jpa-hibernate-zero-to-master%2Flearn%2Flecture%2F54765789&action=login&mode#overview:0
[   21915ms] [ERROR] Failed to load resource: net::ERR_FAILED @ https://stats.g.doubleclick.net/j/collect?t=dc&aip=1&_r=3&v=1&_v=j102&tid=UA-12366301-1&cid=783374279.1776498014&jid=2143422359&gjid=1212343715&_gid=1356789540.1776498029&_u=YCDAgEABAAAAAGgAIAC~&z=2002823585:0
[   21915ms] [ERROR] Access to XMLHttpRequest at 'https://stats.g.doubleclick.net/j/collect?t=dc&aip=1&_r=3&v=1&_v=j102&tid=UA-12366301-1&cid=783374279.1776498014&jid=1477957714&gjid=122655541&_gid=1356789540.1776498029&_u=YCDAgEABAAAAAGgAI~&z=697919500' from origin 'https://www.udemy.com' has been blocked by CORS policy: Response to preflight request doesn't pass access control check: The value of the 'Access-Control-Allow-Origin' header in the response must not be the wildcard '*' when the request's credentials mode is 'include'. The credentials mode of requests initiated by the XMLHttpRequest is controlled by the withCredentials attribute. @ https://www.udemy.com/join/passwordless-auth/?next=%2Fcourse%2Fspring-springboot-jpa-hibernate-zero-to-master%2Flearn%2Flecture%2F54765789&action=login&mode#overview:0
[   21915ms] [ERROR] Failed to load resource: net::ERR_FAILED @ https://stats.g.doubleclick.net/j/collect?t=dc&aip=1&_r=3&v=1&_v=j102&tid=UA-12366301-1&cid=783374279.1776498014&jid=1477957714&gjid=122655541&_gid=1356789540.1776498029&_u=YCDAgEABAAAAAGgAI~&z=697919500:0
[  191164ms] [ERROR] Access to XMLHttpRequest at 'https://stats.g.doubleclick.net/j/collect?t=dc&aip=1&_r=3&v=1&_v=j102&tid=UA-12366301-1&cid=783374279.1776498014&jid=2144064792&gjid=1261666115&_gid=1356789540.1776498029&_u=aCDAgEABAAAAAGgAIAC~&z=1544204961' from origin 'https://www.udemy.com' has been blocked by CORS policy: Response to preflight request doesn't pass access control check: The value of the 'Access-Control-Allow-Origin' header in the response must not be the wildcard '*' when the request's credentials mode is 'include'. The credentials mode of requests initiated by the XMLHttpRequest is controlled by the withCredentials attribute. @ https://www.udemy.com/join/passwordless-auth/?next=%2Fcourse%2Fspring-springboot-jpa-hibernate-zero-to-master%2Flearn%2Flecture%2F54765789&action=login&mode#overview:0
[  191164ms] [ERROR] Failed to load resource: net::ERR_FAILED @ https://stats.g.doubleclick.net/j/collect?t=dc&aip=1&_r=3&v=1&_v=j102&tid=UA-12366301-1&cid=783374279.1776498014&jid=2144064792&gjid=1261666115&_gid=1356789540.1776498029&_u=aCDAgEABAAAAAGgAIAC~&z=1544204961:0
[  193492ms] [WARNING] The following feature variant assignments were not provided; please add them to an ExperimentationProvider: ai_assistant_features @ https://www.udemy.com/staticx/udemy/js/webpack/vendors-node_modules_udemy_browse-event-tracking_dist_esm_index_js-node_modules_udemy_react-e-46992e.3ec77fba30d1bce55ba2.js:0
[  193507ms] [WARNING] The following feature variant assignments were not provided; please add them to an ExperimentationProvider: ai_assistant_features @ https://www.udemy.com/staticx/udemy/js/webpack/vendors-node_modules_udemy_browse-event-tracking_dist_esm_index_js-node_modules_udemy_react-e-46992e.3ec77fba30d1bce55ba2.js:0
[  193808ms] [WARNING] The following feature variant assignments were not provided; please add them to an ExperimentationProvider: ai_assistant_features @ https://www.udemy.com/staticx/udemy/js/webpack/vendors-node_modules_udemy_browse-event-tracking_dist_esm_index_js-node_modules_udemy_react-e-46992e.3ec77fba30d1bce55ba2.js:0
[  194522ms] [WARNING] The following feature variant assignments were not provided; please add them to an ExperimentationProvider: ai_assistant_features @ https://www.udemy.com/staticx/udemy/js/webpack/vendors-node_modules_udemy_browse-event-tracking_dist_esm_index_js-node_modules_udemy_react-e-46992e.3ec77fba30d1bce55ba2.js:0
[  196540ms] [WARNING] Amplitude Logger [Warn]: `options.defaultTracking` is set to undefined. This implicitly configures your Amplitude instance to track Page Views, Sessions, File Downloads, and Form Interactions. You can suppress this warning by explicitly setting a value to `options.defaultTracking`. The value must either be a boolean, to enable and disable all default events, or an object, for advanced configuration. For example:

amplitude.init(<YOUR_API_KEY>, {
  defaultTracking: true,
});

Visit https://www.docs.developers.amplitude.com/data/sdks/browser-2/#tracking-default-events for more details. @ https://www.udemy.com/staticx/udemy/js/webpack/entry-main-vendor.53a41eb4651b407149ad.js:1
[  196620ms] [ERROR] Failed to load resource: the server responded with a status of 400 () @ https://www.udemy.com/api-2.0/visits/me/datadog-increment-logs/:0
[  196743ms] [ERROR] Failed to load resource: net::ERR_TUNNEL_CONNECTION_FAILED @ https://pixel.pointmediatracker.com/kpi?c=udemy&tag_id=288&user_id=4afdf9795c81450abb1ad394867d5470&kpi=visit&fpc=3f9908be-abbb-4140-86be-f5269e50c716&utm_medium=direct&utm_source=direct&utm_campaign=undefined&gtmcb=1641203774:0
[  197258ms] [WARNING] streaming.useNativeHlsOnSafari configuration has been deprecated and will be removed in v5.0 . We are currently at version v4.15 . Additional information: Please Use streaming.useNativeHlsForFairPlay or streaming.preferNativeHls instead. @ https://www.udemy.com/staticx/udemy/js/webpack/vendors-node_modules_mux_mux-data-shakaplayer_dist_shakaplayer-mux_js-node_modules_udemy_icon-dd30a3.318486814b10bd3b426f.js:1
[  197355ms] [ERROR] Attestation check for Attribution Reporting on https://www.facebook.com failed. @ https://www.udemy.com/course/spring-springboot-jpa-hibernate-zero-to-master/learn/lecture/54765789#overview:0
[  263881ms] [WARNING] The following feature variant assignments were not provided; please add them to an ExperimentationProvider: ai_assistant_features @ https://www.udemy.com/staticx/udemy/js/webpack/vendors-node_modules_udemy_browse-event-tracking_dist_esm_index_js-node_modules_udemy_react-e-46992e.3ec77fba30d1bce55ba2.js:0
[  358074ms] [ERROR] Failed to load resource: the server responded with a status of 404 () @ https://www.udemy.com/api-2.0/courses/4364200/lectures/54765789/?fields[lecture]=asset&fields[asset]=captions,title:0
